#
# A fatal error has been detected by the Java Runtime Environment:
#
#  EXCEPTION_ACCESS_VIOLATION (0xc0000005) at pc=0x00000000070490f7, pid=12304, tid=0x0000000000006724
#
# JRE version: OpenJDK Runtime Environment (8.0_152-b02) (build 1.8.0_152-release-1024-b02)
# Java VM: OpenJDK 64-Bit Server VM (25.152-b02 mixed mode windows-amd64 compressed oops)
# Problematic frame:
# J 14211 C2 com.sun.tools.javac.comp.Resolve.findType(Lcom/sun/tools/javac/comp/Env;Lcom/sun/tools/javac/util/Name;)Lcom/sun/tools/javac/code/Symbol; (467 bytes) @ 0x00000000070490f7 [0x0000000007048dc0+0x337]
#
# Failed to write core dump. Minidumps are not enabled by default on client versions of Windows
#
# If you would like to submit a bug report, please visit:
#   http://bugreport.java.com/bugreport/crash.jsp
#

---------------  T H R E A D  ---------------

Current thread (0x000000001b7a0000):  JavaThread "Task worker for ':'" [_thread_in_Java, id=26404, stack(0x000000005c7e0000,0x000000005c8e0000)]

siginfo: ExceptionCode=0xc0000005, reading address 0x0000000010788d60

Registers:
RAX=0x00000000163cb808, RBX=0x00000000d3866387, RCX=0x00000000ed3fa6c0, RDX=0x000000000000000f
RSP=0x000000005c8dc560, RBP=0x00000000ed3fa690, RSI=0x0000000010788d48, RDI=0x0000000000000010
R8 =0x0000000000000008, R9 =0x00000000e9eb8fa8, R10=0x0000000008000000, R11=0x00000000ffffffff
R12=0x0000000000000000, R13=0x00000000ea1b3060, R14=0x00000000ee96aef8, R15=0x000000001b7a0000
RIP=0x00000000070490f7, EFLAGS=0x0000000000010297

Top of Stack: (sp=0x000000005c8dc560)
0x000000005c8dc560:   00000000e9eb8fa8 00000000ed3fa640
0x000000005c8dc570:   00000001008664e8 00000000e9eb8fa8
0x000000005c8dc580:   0000000100859098 00000000e9eb8fa8
0x000000005c8dc590:   00000000e9eb8d18 00000000e9eb8fa8
0x000000005c8dc5a0:   00000000ea1aedb0 00000000ed3fa690
0x000000005c8dc5b0:   ed3fa6c0ed3fa3a8 00000000000000c0
0x000000005c8dc5c0:   00000000ee96a200 00000000ed3fac30
0x000000005c8dc5d0:   00000000a0000048 ffffffff00000000
0x000000005c8dc5e0:   00000000ed3fa640 00000000ed3fa640
0x000000005c8dc5f0:   00000000a2126548 0000000000000001
0x000000005c8dc600:   00000000ea1b2a60 0000000069c65877
0x000000005c8dc610:   000000001ba31fc8 00000000051d3248
0x000000005c8dc620:   00000000ee96ad58 00000000ee96ace8
0x000000005c8dc630:   00000000a225c598 000000005c8dc6a0
0x000000005c8dc640:   0000000000000000 0000000069ba76f3
0x000000005c8dc650:   00000000ea1aedb0 0000000007798360 

Instructions: (pc=0x00000000070490f7)
0x00000000070490d7:   54 81 10 45 85 d2 74 4e 41 bb ff ff ff ff 4c 3b
0x00000000070490e7:   94 24 90 00 00 00 0f 84 f0 17 00 00 41 8b 72 0c
0x00000000070490f7:   44 8b 56 18 4c 3b 54 24 40 74 2b 44 03 c3 44 23
0x0000000007049107:   c2 85 05 f2 6e e1 fb 44 3b c7 0f 83 6e 1d 00 00 


Register to memory mapping:

RAX=0x00000000163cb808 is an unknown value
RBX=0x00000000d3866387 is an unallocated location in the heap
RCX=0x00000000ed3fa6c0 is an oop
[Lcom.sun.tools.javac.code.Scope$Entry; 
 - klass: 'com/sun/tools/javac/code/Scope$Entry'[]
 - length: 16
RDX=0x000000000000000f is an unknown value
RSP=0x000000005c8dc560 is pointing into the stack for thread: 0x000000001b7a0000
RBP=0x00000000ed3fa690 is an oop
com.sun.tools.javac.code.Scope 
 - klass: 'com/sun/tools/javac/code/Scope'
RSI=0x0000000010788d48 is an unknown value
RDI=0x0000000000000010 is an unknown value
R8 =0x0000000000000008 is an unknown value
R9 =0x00000000e9eb8fa8 is an oop
com.sun.tools.javac.comp.Resolve$SymbolNotFoundError 
 - klass: 'com/sun/tools/javac/comp/Resolve$SymbolNotFoundError'
R10=0x0000000008000000 is at entry_point+2272 in (nmethod*)0x0000000007fff450
R11=0x00000000ffffffff is an unallocated location in the heap
R12=0x0000000000000000 is an unknown value
R13=0x00000000ea1b3060 is an oop
com.sun.tools.javac.tree.JCTree$JCIdent 
 - klass: 'com/sun/tools/javac/tree/JCTree$JCIdent'
R14=0x00000000ee96aef8 is an oop

[error occurred during error reporting (printing register info), id 0xc0000005]

Stack: [0x000000005c7e0000,0x000000005c8e0000],  sp=0x000000005c8dc560,  free space=1009k
Native frames: (J=compiled Java code, j=interpreted, Vv=VM code, C=native code)
C  0x00000000070490f7


---------------  P R O C E S S  ---------------

Java Threads: ( => current thread )
  0x000000001b7a9000 JavaThread "Cache worker for Java compile cache (C:\BTL\CNUs\.gradle\4.4\javaCompile)" [_thread_blocked, id=22856, stack(0x000000005cae0000,0x000000005cbe0000)]
  0x000000001b7a1800 JavaThread "Task worker for ':' Thread 3" [_thread_blocked, id=20152, stack(0x000000005c9e0000,0x000000005cae0000)]
  0x000000001b7a1000 JavaThread "Task worker for ':' Thread 2" [_thread_blocked, id=26364, stack(0x000000005c8e0000,0x000000005c9e0000)]
=>0x000000001b7a0000 JavaThread "Task worker for ':'" [_thread_in_Java, id=26404, stack(0x000000005c7e0000,0x000000005c8e0000)]
  0x000000001b79e800 JavaThread "Cache worker for Build Output Cleanup Cache (C:\BTL\CNUs\.gradle\buildOutputCleanup)" [_thread_blocked, id=24532, stack(0x000000005c6e0000,0x000000005c7e0000)]
  0x000000001b79d800 JavaThread "Cache worker for task history cache (C:\BTL\CNUs\.gradle\4.4\taskHistory)" [_thread_blocked, id=25584, stack(0x000000005c5e0000,0x000000005c6e0000)]
  0x000000001b7a4800 JavaThread "Cache worker for file content cache (C:\BTL\CNUs\.gradle\4.4\fileContent)" [_thread_blocked, id=21664, stack(0x000000005c4e0000,0x000000005c5e0000)]
  0x000000001b7a3000 JavaThread "build operations Thread 4" [_thread_blocked, id=23044, stack(0x000000005c3e0000,0x000000005c4e0000)]
  0x00000000219c2000 JavaThread "build operations Thread 3" [_thread_blocked, id=25592, stack(0x000000005c2e0000,0x000000005c3e0000)]
  0x00000000219bc000 JavaThread "build operations Thread 2" [_thread_blocked, id=10264, stack(0x000000005c1e0000,0x000000005c2e0000)]
  0x00000000219ba800 JavaThread "build operations" [_thread_blocked, id=26504, stack(0x000000005c0e0000,0x000000005c1e0000)]
  0x00000000219c1800 JavaThread "Cache worker for Artifact transforms cache (C:\Users\Gnaoh Peih\.gradle\caches\transforms-1)" [_thread_blocked, id=25900, stack(0x000000005bfe0000,0x000000005c0e0000)]
  0x00000000219c0800 JavaThread "Cache worker for file hash cache (C:\BTL\CNUs\.gradle\4.4\fileHashes)" [_thread_blocked, id=24920, stack(0x000000005bee0000,0x000000005bfe0000)]
  0x00000000219bf800 JavaThread "Stdin handler" [_thread_blocked, id=26112, stack(0x000000005bde0000,0x000000005bee0000)]
  0x00000000219bd800 JavaThread "Asynchronous log dispatcher for DefaultDaemonConnection: socket connection from /127.0.0.1:50558 to /127.0.0.1:52627" [_thread_blocked, id=6400, stack(0x000000005bce0000,0x000000005bde0000)]
  0x00000000219bf000 JavaThread "Daemon worker Thread 36" [_thread_blocked, id=25356, stack(0x000000005bbe0000,0x000000005bce0000)]
  0x00000000219b6800 JavaThread "Cancel handler" [_thread_blocked, id=25316, stack(0x000000005bae0000,0x000000005bbe0000)]
  0x00000000219b5000 JavaThread "Handler for socket connection from /127.0.0.1:50558 to /127.0.0.1:52627" [_thread_in_native, id=24028, stack(0x000000005b9e0000,0x000000005bae0000)]
  0x00000000219bb000 JavaThread "Daemon Thread 36" [_thread_blocked, id=24376, stack(0x000000005b8e0000,0x000000005b9e0000)]
  0x000000001f1e2000 JavaThread "Java2D Disposer" daemon [_thread_blocked, id=6948, stack(0x000000005cc70000,0x000000005cd70000)]
  0x000000001e8fc000 JavaThread "Memory manager" [_thread_blocked, id=7092, stack(0x0000000022d60000,0x0000000022e60000)]
  0x000000001e8fd800 JavaThread "pool-1-thread-1" [_thread_blocked, id=3644, stack(0x0000000022a60000,0x0000000022b60000)]
  0x000000001b4ec800 JavaThread "File lock request listener" [_thread_in_native, id=1068, stack(0x000000001d090000,0x000000001d190000)]
  0x000000001b6cd800 JavaThread "Cache worker for file hash cache (C:\Users\Gnaoh Peih\.gradle\caches\4.4\fileHashes)" [_thread_blocked, id=11720, stack(0x000000001cf90000,0x000000001d090000)]
  0x000000001b044800 JavaThread "Daemon periodic checks" [_thread_blocked, id=6180, stack(0x000000001c490000,0x000000001c590000)]
  0x000000001aee1800 JavaThread "Incoming local TCP Connector on port 50558" [_thread_in_native, id=6324, stack(0x000000001bfb0000,0x000000001c0b0000)]
  0x000000001829e800 JavaThread "Service Thread" daemon [_thread_blocked, id=5168, stack(0x000000001a0a0000,0x000000001a1a0000)]
  0x0000000018242800 JavaThread "C1 CompilerThread2" daemon [_thread_blocked, id=4044, stack(0x0000000019ba0000,0x0000000019ca0000)]
  0x000000001823d800 JavaThread "C2 CompilerThread1" daemon [_thread_blocked, id=3884, stack(0x0000000019aa0000,0x0000000019ba0000)]
  0x0000000018239800 JavaThread "C2 CompilerThread0" daemon [_thread_blocked, id=3040, stack(0x00000000199a0000,0x0000000019aa0000)]
  0x0000000018247800 JavaThread "Attach Listener" daemon [_thread_blocked, id=3800, stack(0x00000000198a0000,0x00000000199a0000)]
  0x0000000018246000 JavaThread "Signal Dispatcher" daemon [_thread_blocked, id=4760, stack(0x00000000197a0000,0x00000000198a0000)]
  0x00000000048cd000 JavaThread "Finalizer" daemon [_thread_blocked, id=13744, stack(0x00000000194b0000,0x00000000195b0000)]
  0x00000000048c2800 JavaThread "Reference Handler" daemon [_thread_blocked, id=1872, stack(0x00000000193b0000,0x00000000194b0000)]
  0x000000000467e000 JavaThread "main" [_thread_blocked, id=6028, stack(0x00000000046d0000,0x00000000047d0000)]

Other Threads:
  0x0000000018205000 VMThread [stack: 0x00000000192b0000,0x00000000193b0000] [id=5348]
  0x0000000019ccd800 WatcherThread [stack: 0x000000001a1a0000,0x000000001a2a0000] [id=12720]

VM state:not at safepoint (normal execution)

VM Mutex/Monitor currently owned by a thread: None

Heap:
 PSYoungGen      total 444928K, used 239572K [0x00000000e0000000, 0x00000000ffa00000, 0x0000000100000000)
  eden space 379904K, 63% used [0x00000000e0000000,0x00000000ee9d51d0,0x00000000f7300000)
  from space 65024K, 0% used [0x00000000fba80000,0x00000000fbaa0000,0x00000000ffa00000)
  to   space 69120K, 0% used [0x00000000f7300000,0x00000000f7300000,0x00000000fb680000)
 ParOldGen       total 306176K, used 136191K [0x00000000a0000000, 0x00000000b2b00000, 0x00000000e0000000)
  object space 306176K, 44% used [0x00000000a0000000,0x00000000a84ffd18,0x00000000b2b00000)
 Metaspace       used 103702K, capacity 111348K, committed 115968K, reserved 1150976K
  class space    used 12731K, capacity 14432K, committed 15104K, reserved 1048576K

Card table byte_map: [0x0000000013c90000,0x0000000013fa0000] byte_map_base: 0x0000000013790000

Marking Bits: (ParMarkBitMap*) 0x000000006a214970
 Begin Bits: [0x00000000145a0000, 0x0000000015da0000)
 End Bits:   [0x0000000015da0000, 0x00000000175a0000)

Polling page: 0x0000000002e60000

CodeCache: size=245760Kb used=104824Kb max_used=105624Kb free=140935Kb
 bounds [0x00000000048d0000, 0x000000000b0b0000, 0x00000000138d0000]
 total_blobs=27632 nmethods=26623 adapters=918
 compilation: enabled

Compilation events (10 events):
Event: 14465.096 Thread 0x0000000018242800 39118       3       org.gradle.api.internal.artifacts.ivyservice.ivyresolve.parser.PomDomParser::getTextContent (94 bytes)
Event: 14465.097 Thread 0x0000000018242800 nmethod 39118 0x00000000072248d0 code [0x0000000007224ae0, 0x0000000007225568]
Event: 14465.199 Thread 0x0000000018242800 39119       1       org.gradle.api.tasks.compile.CompileOptions::getSourcepath (5 bytes)
Event: 14465.199 Thread 0x0000000018242800 nmethod 39119 0x0000000007224610 code [0x0000000007224760, 0x0000000007224870]
Event: 14465.200 Thread 0x0000000018242800 39120       3       org.gradle.api.tasks.compile.CompileOptions_Decorated::isFork (44 bytes)
Event: 14465.201 Thread 0x0000000018242800 nmethod 39120 0x00000000060c1690 code [0x00000000060c1860, 0x00000000060c20e8]
Event: 14467.546 Thread 0x0000000018239800 39121       4       com.sun.tools.javac.util.Options::isSet (37 bytes)
Event: 14467.556 Thread 0x0000000018239800 nmethod 39121 0x0000000005ce8810 code [0x0000000005ce89a0, 0x0000000005ce9188]
Event: 14467.979 Thread 0x000000001823d800 39122       4       com.sun.tools.javac.parser.UnicodeReader::isUnicode (17 bytes)
Event: 14467.980 Thread 0x000000001823d800 nmethod 39122 0x0000000005e11090 code [0x0000000005e111c0, 0x0000000005e11238]

GC Heap History (10 events):
Event: 14215.393 GC heap before
{Heap before GC invocations=145 (full 7):
 PSYoungGen      total 379904K, used 379824K [0x00000000e0000000, 0x00000000ff800000, 0x0000000100000000)
  eden space 373760K, 100% used [0x00000000e0000000,0x00000000f6d00000,0x00000000f6d00000)
  from space 6144K, 98% used [0x00000000f6d00000,0x00000000f72ec268,0x00000000f7300000)
  to   space 71168K, 0% used [0x00000000fb280000,0x00000000fb280000,0x00000000ff800000)
 ParOldGen       total 306176K, used 110317K [0x00000000a0000000, 0x00000000b2b00000, 0x00000000e0000000)
  object space 306176K, 36% used [0x00000000a0000000,0x00000000a6bbb508,0x00000000b2b00000)
 Metaspace       used 103665K, capacity 111348K, committed 115968K, reserved 1150976K
  class space    used 12731K, capacity 14432K, committed 15104K, reserved 1048576K
Event: 14215.441 GC heap after
Heap after GC invocations=145 (full 7):
 PSYoungGen      total 434688K, used 57621K [0x00000000e0000000, 0x0000000100000000, 0x0000000100000000)
  eden space 363520K, 0% used [0x00000000e0000000,0x00000000e0000000,0x00000000f6300000)
  from space 71168K, 80% used [0x00000000fb280000,0x00000000feac5448,0x00000000ff800000)
  to   space 80384K, 0% used [0x00000000f6300000,0x00000000f6300000,0x00000000fb180000)
 ParOldGen       total 306176K, used 111217K [0x00000000a0000000, 0x00000000b2b00000, 0x00000000e0000000)
  object space 306176K, 36% used [0x00000000a0000000,0x00000000a6c9c528,0x00000000b2b00000)
 Metaspace       used 103665K, capacity 111348K, committed 115968K, reserved 1150976K
  class space    used 12731K, capacity 14432K, committed 15104K, reserved 1048576K
}
Event: 14225.403 GC heap before
{Heap before GC invocations=146 (full 7):
 PSYoungGen      total 434688K, used 421141K [0x00000000e0000000, 0x0000000100000000, 0x0000000100000000)
  eden space 363520K, 100% used [0x00000000e0000000,0x00000000f6300000,0x00000000f6300000)
  from space 71168K, 80% used [0x00000000fb280000,0x00000000feac5448,0x00000000ff800000)
  to   space 80384K, 0% used [0x00000000f6300000,0x00000000f6300000,0x00000000fb180000)
 ParOldGen       total 306176K, used 111217K [0x00000000a0000000, 0x00000000b2b00000, 0x00000000e0000000)
  object space 306176K, 36% used [0x00000000a0000000,0x00000000a6c9c528,0x00000000b2b00000)
 Metaspace       used 103688K, capacity 111348K, committed 115968K, reserved 1150976K
  class space    used 12731K, capacity 14432K, committed 15104K, reserved 1048576K
Event: 14225.413 GC heap after
Heap after GC invocations=146 (full 7):
 PSYoungGen      total 443904K, used 7593K [0x00000000e0000000, 0x0000000100000000, 0x0000000100000000)
  eden space 363520K, 0% used [0x00000000e0000000,0x00000000e0000000,0x00000000f6300000)
  from space 80384K, 9% used [0x00000000f6300000,0x00000000f6a6a598,0x00000000fb180000)
  to   space 77312K, 0% used [0x00000000fb480000,0x00000000fb480000,0x0000000100000000)
 ParOldGen       total 306176K, used 116938K [0x00000000a0000000, 0x00000000b2b00000, 0x00000000e0000000)
  object space 306176K, 38% used [0x00000000a0000000,0x00000000a7232ba8,0x00000000b2b00000)
 Metaspace       used 103688K, capacity 111348K, committed 115968K, reserved 1150976K
  class space    used 12731K, capacity 14432K, committed 15104K, reserved 1048576K
}
Event: 14225.671 GC heap before
{Heap before GC invocations=147 (full 7):
 PSYoungGen      total 443904K, used 370625K [0x00000000e0000000, 0x0000000100000000, 0x0000000100000000)
  eden space 363520K, 99% used [0x00000000e0000000,0x00000000f6286008,0x00000000f6300000)
  from space 80384K, 9% used [0x00000000f6300000,0x00000000f6a6a598,0x00000000fb180000)
  to   space 77312K, 0% used [0x00000000fb480000,0x00000000fb480000,0x0000000100000000)
 ParOldGen       total 306176K, used 116938K [0x00000000a0000000, 0x00000000b2b00000, 0x00000000e0000000)
  object space 306176K, 38% used [0x00000000a0000000,0x00000000a7232ba8,0x00000000b2b00000)
 Metaspace       used 103688K, capacity 111348K, committed 115968K, reserved 1150976K
  class space    used 12731K, capacity 14432K, committed 15104K, reserved 1048576K
Event: 14225.678 GC heap after
Heap after GC invocations=147 (full 7):
 PSYoungGen      total 432640K, used 13925K [0x00000000e0000000, 0x00000000ff500000, 0x0000000100000000)
  eden space 366592K, 0% used [0x00000000e0000000,0x00000000e0000000,0x00000000f6600000)
  from space 66048K, 21% used [0x00000000fb480000,0x00000000fc2196f0,0x00000000ff500000)
  to   space 73216K, 0% used [0x00000000f6600000,0x00000000f6600000,0x00000000fad80000)
 ParOldGen       total 306176K, used 122786K [0x00000000a0000000, 0x00000000b2b00000, 0x00000000e0000000)
  object space 306176K, 40% used [0x00000000a0000000,0x00000000a77e8b60,0x00000000b2b00000)
 Metaspace       used 103688K, capacity 111348K, committed 115968K, reserved 1150976K
  class space    used 12731K, capacity 14432K, committed 15104K, reserved 1048576K
}
Event: 14225.806 GC heap before
{Heap before GC invocations=148 (full 7):
 PSYoungGen      total 432640K, used 380065K [0x00000000e0000000, 0x00000000ff500000, 0x0000000100000000)
  eden space 366592K, 99% used [0x00000000e0000000,0x00000000f658eff8,0x00000000f6600000)
  from space 66048K, 21% used [0x00000000fb480000,0x00000000fc2196f0,0x00000000ff500000)
  to   space 73216K, 0% used [0x00000000f6600000,0x00000000f6600000,0x00000000fad80000)
 ParOldGen       total 306176K, used 122786K [0x00000000a0000000, 0x00000000b2b00000, 0x00000000e0000000)
  object space 306176K, 40% used [0x00000000a0000000,0x00000000a77e8b60,0x00000000b2b00000)
 Metaspace       used 103688K, capacity 111348K, committed 115968K, reserved 1150976K
  class space    used 12731K, capacity 14432K, committed 15104K, reserved 1048576K
Event: 14225.811 GC heap after
Heap after GC invocations=148 (full 7):
 PSYoungGen      total 439808K, used 128K [0x00000000e0000000, 0x0000000100000000, 0x0000000100000000)
  eden space 366592K, 0% used [0x00000000e0000000,0x00000000e0000000,0x00000000f6600000)
  from space 73216K, 0% used [0x00000000f6600000,0x00000000f6620000,0x00000000fad80000)
  to   space 71168K, 0% used [0x00000000fba80000,0x00000000fba80000,0x0000000100000000)
 ParOldGen       total 306176K, used 136143K [0x00000000a0000000, 0x00000000b2b00000, 0x00000000e0000000)
  object space 306176K, 44% used [0x00000000a0000000,0x00000000a84f3d18,0x00000000b2b00000)
 Metaspace       used 103688K, capacity 111348K, committed 115968K, reserved 1150976K
  class space    used 12731K, capacity 14432K, committed 15104K, reserved 1048576K
}
Event: 14225.952 GC heap before
{Heap before GC invocations=149 (full 7):
 PSYoungGen      total 439808K, used 366519K [0x00000000e0000000, 0x0000000100000000, 0x0000000100000000)
  eden space 366592K, 99% used [0x00000000e0000000,0x00000000f65cdf98,0x00000000f6600000)
  from space 73216K, 0% used [0x00000000f6600000,0x00000000f6620000,0x00000000fad80000)
  to   space 71168K, 0% used [0x00000000fba80000,0x00000000fba80000,0x0000000100000000)
 ParOldGen       total 306176K, used 136143K [0x00000000a0000000, 0x00000000b2b00000, 0x00000000e0000000)
  object space 306176K, 44% used [0x00000000a0000000,0x00000000a84f3d18,0x00000000b2b00000)
 Metaspace       used 103688K, capacity 111348K, committed 115968K, reserved 1150976K
  class space    used 12731K, capacity 14432K, committed 15104K, reserved 1048576K
Event: 14225.955 GC heap after
Heap after GC invocations=149 (full 7):
 PSYoungGen      total 444928K, used 128K [0x00000000e0000000, 0x00000000ffa00000, 0x0000000100000000)
  eden space 379904K, 0% used [0x00000000e0000000,0x00000000e0000000,0x00000000f7300000)
  from space 65024K, 0% used [0x00000000fba80000,0x00000000fbaa0000,0x00000000ffa00000)
  to   space 69120K, 0% used [0x00000000f7300000,0x00000000f7300000,0x00000000fb680000)
 ParOldGen       total 306176K, used 136191K [0x00000000a0000000, 0x00000000b2b00000, 0x00000000e0000000)
  object space 306176K, 44% used [0x00000000a0000000,0x00000000a84ffd18,0x00000000b2b00000)
 Metaspace       used 103688K, capacity 111348K, committed 115968K, reserved 1150976K
  class space    used 12731K, capacity 14432K, committed 15104K, reserved 1048576K
}

Deoptimization events (10 events):
Event: 14003.335 Thread 0x000000001b7a4800 Uncommon trap: reason=class_check action=maybe_recompile pc=0x00000000056ec7f8 method=com.squareup.javapoet.CodeBlock$Builder.argToType(Ljava/lang/Object;)Lcom/squareup/javapoet/TypeName; @ 1
Event: 14003.335 Thread 0x000000001b7a4800 Uncommon trap: reason=class_check action=maybe_recompile pc=0x00000000056ec7f8 method=com.squareup.javapoet.CodeBlock$Builder.argToType(Ljava/lang/Object;)Lcom/squareup/javapoet/TypeName; @ 1
Event: 14003.336 Thread 0x000000001b7a4800 Uncommon trap: reason=class_check action=maybe_recompile pc=0x00000000056ec7f8 method=com.squareup.javapoet.CodeBlock$Builder.argToType(Ljava/lang/Object;)Lcom/squareup/javapoet/TypeName; @ 1
Event: 14003.342 Thread 0x000000001b7a4800 Uncommon trap: reason=unstable_if action=reinterpret pc=0x00000000079316c4 method=com.squareup.javapoet.CodeBlock$Builder.add(Ljava/lang/String;[Ljava/lang/Object;)Lcom/squareup/javapoet/CodeBlock$Builder; @ 52
Event: 14215.156 Thread 0x000000001b7a1800 Uncommon trap: reason=unstable_if action=reinterpret pc=0x0000000005b7b8fc method=com.squareup.javapoet.CodeBlock$Builder.isNoArgPlaceholder(C)Z @ 21
Event: 14215.157 Thread 0x000000001b7a1800 Uncommon trap: reason=class_check action=maybe_recompile pc=0x0000000009cbd278 method=com.squareup.javapoet.CodeBlock$Builder.argToType(Ljava/lang/Object;)Lcom/squareup/javapoet/TypeName; @ 1
Event: 14215.164 Thread 0x000000001b7a1800 Uncommon trap: reason=class_check action=maybe_recompile pc=0x0000000009cbd278 method=com.squareup.javapoet.CodeBlock$Builder.argToType(Ljava/lang/Object;)Lcom/squareup/javapoet/TypeName; @ 1
Event: 14215.164 Thread 0x000000001b7a1800 Uncommon trap: reason=class_check action=maybe_recompile pc=0x0000000009cbd278 method=com.squareup.javapoet.CodeBlock$Builder.argToType(Ljava/lang/Object;)Lcom/squareup/javapoet/TypeName; @ 1
Event: 14215.165 Thread 0x000000001b7a1800 Uncommon trap: reason=class_check action=maybe_recompile pc=0x0000000009cbd278 method=com.squareup.javapoet.CodeBlock$Builder.argToType(Ljava/lang/Object;)Lcom/squareup/javapoet/TypeName; @ 1
Event: 14215.169 Thread 0x000000001b7a1800 Uncommon trap: reason=unstable_if action=reinterpret pc=0x0000000009feae64 method=com.squareup.javapoet.CodeBlock$Builder.add(Ljava/lang/String;[Ljava/lang/Object;)Lcom/squareup/javapoet/CodeBlock$Builder; @ 52

Classes redefined (0 events):
No events

Internal exceptions (10 events):
Event: 14462.492 Thread 0x00000000219bf000 Exception <a 'sun/nio/fs/WindowsException'> (0x00000000e5b94878) thrown at [D:\src\AOSP-openjdk-cygwin\jdk8u\hotspot\src\share\vm\prims\jni.cpp, line 709]
Event: 14462.492 Thread 0x00000000219bf000 Exception <a 'sun/nio/fs/WindowsException'> (0x00000000e5b95990) thrown at [D:\src\AOSP-openjdk-cygwin\jdk8u\hotspot\src\share\vm\prims\jni.cpp, line 709]
Event: 14462.492 Thread 0x00000000219bf000 Exception <a 'sun/nio/fs/WindowsException'> (0x00000000e5b96c18) thrown at [D:\src\AOSP-openjdk-cygwin\jdk8u\hotspot\src\share\vm\prims\jni.cpp, line 709]
Event: 14462.492 Thread 0x00000000219bf000 Exception <a 'sun/nio/fs/WindowsException'> (0x00000000e5b97d28) thrown at [D:\src\AOSP-openjdk-cygwin\jdk8u\hotspot\src\share\vm\prims\jni.cpp, line 709]
Event: 14462.493 Thread 0x00000000219bf000 Exception <a 'sun/nio/fs/WindowsException'> (0x00000000e5b9fa30) thrown at [D:\src\AOSP-openjdk-cygwin\jdk8u\hotspot\src\share\vm\prims\jni.cpp, line 709]
Event: 14462.494 Thread 0x00000000219bf000 Exception <a 'sun/nio/fs/WindowsException'> (0x00000000e5ba0b58) thrown at [D:\src\AOSP-openjdk-cygwin\jdk8u\hotspot\src\share\vm\prims\jni.cpp, line 709]
Event: 14462.495 Thread 0x00000000219bf000 Exception <a 'sun/nio/fs/WindowsException'> (0x00000000e5ba27c8) thrown at [D:\src\AOSP-openjdk-cygwin\jdk8u\hotspot\src\share\vm\prims\jni.cpp, line 709]
Event: 14462.495 Thread 0x00000000219bf000 Exception <a 'sun/nio/fs/WindowsException'> (0x00000000e5ba38e0) thrown at [D:\src\AOSP-openjdk-cygwin\jdk8u\hotspot\src\share\vm\prims\jni.cpp, line 709]
Event: 14462.495 Thread 0x00000000219bf000 Exception <a 'sun/nio/fs/WindowsException'> (0x00000000e5ba4b68) thrown at [D:\src\AOSP-openjdk-cygwin\jdk8u\hotspot\src\share\vm\prims\jni.cpp, line 709]
Event: 14462.495 Thread 0x00000000219bf000 Exception <a 'sun/nio/fs/WindowsException'> (0x00000000e5ba5c78) thrown at [D:\src\AOSP-openjdk-cygwin\jdk8u\hotspot\src\share\vm\prims\jni.cpp, line 709]

Events (10 events):
Event: 14465.177 Executing VM operation: RevokeBias done
Event: 14465.543 Executing VM operation: RevokeBias
Event: 14465.544 Executing VM operation: RevokeBias done
Event: 14465.544 Executing VM operation: RevokeBias
Event: 14465.544 Executing VM operation: RevokeBias done
Event: 14465.544 Executing VM operation: RevokeBias
Event: 14465.544 Executing VM operation: RevokeBias done
Event: 14465.544 Executing VM operation: RevokeBias
Event: 14465.544 Executing VM operation: RevokeBias done
Event: 14465.562 Thread 0x000000001b7a9000 Thread added: 0x000000001b7a9000


Dynamic libraries:
0x00007ff724280000 - 0x00007ff7242b1000 	C:\Program Files\Android\Android Studio\jre\bin\java.exe
0x00007ffc01790000 - 0x00007ffc01970000 	C:\WINDOWS\SYSTEM32\ntdll.dll
0x00007ffc01420000 - 0x00007ffc014ce000 	C:\WINDOWS\System32\KERNEL32.DLL
0x00007ffbfe9f0000 - 0x00007ffbfec56000 	C:\WINDOWS\System32\KERNELBASE.dll
0x00007ffc012e0000 - 0x00007ffc01381000 	C:\WINDOWS\System32\ADVAPI32.dll
0x00007ffbfec60000 - 0x00007ffbfecfd000 	C:\WINDOWS\System32\msvcrt.dll
0x00007ffbff6e0000 - 0x00007ffbff73b000 	C:\WINDOWS\System32\sechost.dll
0x00007ffc01640000 - 0x00007ffc0175f000 	C:\WINDOWS\System32\RPCRT4.dll
0x00007ffbff740000 - 0x00007ffbff8cf000 	C:\WINDOWS\System32\USER32.dll
0x00007ffbfdb90000 - 0x00007ffbfdbb0000 	C:\WINDOWS\System32\win32u.dll
0x00007ffbff470000 - 0x00007ffbff498000 	C:\WINDOWS\System32\GDI32.dll
0x00007ffbfde80000 - 0x00007ffbfe013000 	C:\WINDOWS\System32\gdi32full.dll
0x00007ffbfe7f0000 - 0x00007ffbfe88b000 	C:\WINDOWS\System32\msvcp_win.dll
0x00007ffbfdbb0000 - 0x00007ffbfdca6000 	C:\WINDOWS\System32\ucrtbase.dll
0x00007ffbf37e0000 - 0x00007ffbf3a49000 	C:\WINDOWS\WinSxS\amd64_microsoft.windows.common-controls_6595b64144ccf1df_6.0.16299.431_none_15c7d3ee93659e73\COMCTL32.dll
0x00007ffbff160000 - 0x00007ffbff468000 	C:\WINDOWS\System32\combase.dll
0x00007ffbfe770000 - 0x00007ffbfe7e2000 	C:\WINDOWS\System32\bcryptPrimitives.dll
0x00007ffc013f0000 - 0x00007ffc0141d000 	C:\WINDOWS\System32\IMM32.DLL
0x000000006a5c0000 - 0x000000006a692000 	C:\Program Files\Android\Android Studio\jre\jre\bin\msvcr100.dll
0x0000000069a50000 - 0x000000006a28f000 	C:\Program Files\Android\Android Studio\jre\jre\bin\server\jvm.dll
0x00007ffbffcd0000 - 0x00007ffbffcd8000 	C:\WINDOWS\System32\PSAPI.DLL
0x00007ffbfa050000 - 0x00007ffbfa05a000 	C:\WINDOWS\SYSTEM32\VERSION.dll
0x00007ffbf92c0000 - 0x00007ffbf92e3000 	C:\WINDOWS\SYSTEM32\WINMM.dll
0x00007ffbfac20000 - 0x00007ffbfac29000 	C:\WINDOWS\SYSTEM32\WSOCK32.dll
0x00007ffbffa20000 - 0x00007ffbffa8c000 	C:\WINDOWS\System32\WS2_32.dll
0x00007ffbf8f20000 - 0x00007ffbf8f4a000 	C:\WINDOWS\SYSTEM32\winmmbase.dll
0x00007ffbfe890000 - 0x00007ffbfe8da000 	C:\WINDOWS\System32\cfgmgr32.dll
0x00007ffbeb870000 - 0x00007ffbeb87f000 	C:\Program Files\Android\Android Studio\jre\jre\bin\verify.dll
0x00007ffbe4e70000 - 0x00007ffbe4e99000 	C:\Program Files\Android\Android Studio\jre\jre\bin\java.dll
0x00007ffbe8980000 - 0x00007ffbe8996000 	C:\Program Files\Android\Android Studio\jre\jre\bin\zip.dll
0x00007ffbffe90000 - 0x00007ffc012c8000 	C:\WINDOWS\System32\SHELL32.dll
0x00007ffbff8d0000 - 0x00007ffbff976000 	C:\WINDOWS\System32\shcore.dll
0x00007ffbfe020000 - 0x00007ffbfe767000 	C:\WINDOWS\System32\windows.storage.dll
0x00007ffbffe30000 - 0x00007ffbffe81000 	C:\WINDOWS\System32\shlwapi.dll
0x00007ffbfdb00000 - 0x00007ffbfdb11000 	C:\WINDOWS\System32\kernel.appcore.dll
0x00007ffbfdb20000 - 0x00007ffbfdb6c000 	C:\WINDOWS\System32\powrprof.dll
0x00007ffbfdae0000 - 0x00007ffbfdafb000 	C:\WINDOWS\System32\profapi.dll
0x00007ffbe4e50000 - 0x00007ffbe4e6a000 	C:\Program Files\Android\Android Studio\jre\jre\bin\net.dll
0x00007ffbfd370000 - 0x00007ffbfd3d6000 	C:\WINDOWS\system32\mswsock.dll
0x00007ffbe4e30000 - 0x00007ffbe4e41000 	C:\Program Files\Android\Android Studio\jre\jre\bin\nio.dll
0x00007ffbdb690000 - 0x00007ffbdb6ae000 	C:\Users\Gnaoh Peih\.gradle\native\25\windows-amd64\native-platform.dll
0x00007ffbeb750000 - 0x00007ffbeb75d000 	C:\Program Files\Android\Android Studio\jre\jre\bin\management.dll
0x00007ffbfd530000 - 0x00007ffbfd547000 	C:\WINDOWS\SYSTEM32\CRYPTSP.dll
0x00007ffbfcf10000 - 0x00007ffbfcf43000 	C:\WINDOWS\system32\rsaenh.dll
0x00007ffbfd640000 - 0x00007ffbfd665000 	C:\WINDOWS\SYSTEM32\bcrypt.dll
0x00007ffbfd9e0000 - 0x00007ffbfda09000 	C:\WINDOWS\SYSTEM32\USERENV.dll
0x00007ffbfd550000 - 0x00007ffbfd55b000 	C:\WINDOWS\SYSTEM32\CRYPTBASE.dll
0x00007ffbfd0a0000 - 0x00007ffbfd0d9000 	C:\WINDOWS\SYSTEM32\IPHLPAPI.DLL
0x00007ffc012d0000 - 0x00007ffc012d8000 	C:\WINDOWS\System32\NSI.dll
0x00007ffbf9530000 - 0x00007ffbf9546000 	C:\WINDOWS\SYSTEM32\dhcpcsvc6.DLL
0x00007ffbf95a0000 - 0x00007ffbf95ba000 	C:\WINDOWS\SYSTEM32\dhcpcsvc.DLL
0x00007ffbfcc10000 - 0x00007ffbfcc41000 	C:\WINDOWS\SYSTEM32\ntmarta.dll
0x00007ffbe1a70000 - 0x00007ffbe1a94000 	C:\Program Files\Android\Android Studio\jre\jre\bin\sunec.dll
0x00007ffbfd0e0000 - 0x00007ffbfd196000 	C:\WINDOWS\SYSTEM32\DNSAPI.dll
0x00007ffbf2ed0000 - 0x00007ffbf2eda000 	C:\Windows\System32\rasadhlp.dll
0x00007ffbf3630000 - 0x00007ffbf36a0000 	C:\WINDOWS\System32\fwpuclnt.dll
0x00007ffbea160000 - 0x00007ffbea16b000 	C:\Program Files\Android\Android Studio\jre\jre\bin\sunmscapi.dll
0x00007ffbfdcb0000 - 0x00007ffbfde7e000 	C:\WINDOWS\System32\CRYPT32.dll
0x00007ffbfdb70000 - 0x00007ffbfdb82000 	C:\WINDOWS\System32\MSASN1.dll
0x00007ffbdb820000 - 0x00007ffbdb9b6000 	C:\Program Files\Android\Android Studio\jre\jre\bin\awt.dll
0x00007ffbffa90000 - 0x00007ffbffb55000 	C:\WINDOWS\System32\OLEAUT32.dll
0x00007ffbfb4d0000 - 0x00007ffbfba88000 	C:\WINDOWS\SYSTEM32\d2d1.dll
0x00007ffbfc060000 - 0x00007ffbfc0e8000 	C:\WINDOWS\SYSTEM32\apphelp.dll
0x00007ffbfc590000 - 0x00007ffbfc5ba000 	C:\WINDOWS\system32\DWMAPI.DLL
0x00007ffbfc2b0000 - 0x00007ffbfc345000 	C:\WINDOWS\system32\uxtheme.dll
0x00007ffbee970000 - 0x00007ffbeeb38000 	C:\WINDOWS\SYSTEM32\dbghelp.dll

VM Arguments:
jvm_args: -Xmx1536m -Dfile.encoding=windows-1252 -Duser.country=US -Duser.language=en -Duser.variant 
java_command: org.gradle.launcher.daemon.bootstrap.GradleDaemon 4.4
java_class_path (initial): C:\Users\Gnaoh Peih\.gradle\wrapper\dists\gradle-4.4-all\9br9xq1tocpiv8o6njlyu5op1\gradle-4.4\lib\gradle-launcher-4.4.jar
Launcher Type: SUN_STANDARD

Environment Variables:
PATH=C:\Program Files (x86)\Common Files\Oracle\Java\javapath;C:\ProgramData\Oracle\Java\javapath;C:\WINDOWS\system32;C:\WINDOWS;C:\WINDOWS\System32\Wbem;C:\WINDOWS\System32\WindowsPowerShell\v1.0\;C:\Program Files (x86)\NVIDIA Corporation\PhysX\Common;C:\Users\Gnaoh Peih\AppData\Local\Microsoft\WindowsApps
USERNAME=Gnaoh Peih
OS=Windows_NT
PROCESSOR_IDENTIFIER=Intel64 Family 6 Model 58 Stepping 9, GenuineIntel



---------------  S Y S T E M  ---------------

OS: Windows 10.0 , 64 bit Build 16299 (10.0.16299.431)

CPU:total 4 (initial active 4) (4 cores per cpu, 1 threads per core) family 6 model 58 stepping 9, cmov, cx8, fxsr, mmx, sse, sse2, sse3, ssse3, sse4.1, sse4.2, popcnt, avx, aes, clmul, erms, tsc, tscinvbit, tscinv

Memory: 4k page, physical 10430612k(2508692k free), swap 13859024k(2636752k free)

vm_info: OpenJDK 64-Bit Server VM (25.152-b02) for windows-amd64 JRE (1.8.0_152-release-1024-b02), built by "builder" with MS VC++ 10.0 (VS2010)

time: Sun May 13 18:36:34 2018
elapsed time: 14468 seconds (0d 4h 1m 8s)

